<?xml version="1.0" encoding="UTF-8"?>
<testng-results skipped="0" failed="0" total="1" passed="1">
  <reporter-output>
  </reporter-output>
  <suite name="yahoo" duration-ms="10420" started-at="2017-06-24T11:38:55Z" finished-at="2017-06-24T11:39:05Z">
    <groups>
    </groups>
    <test name="tst_retest_chrome" duration-ms="10420" started-at="2017-06-24T11:38:55Z" finished-at="2017-06-24T11:39:05Z">
      <class name="Yahoo.Sanity">
        <test-method status="PASS" signature="beforeTest()[pri:0, instance:Yahoo.Sanity@61832929]" name="beforeTest" is-config="true" duration-ms="686" started-at="2017-06-24T17:08:55Z" finished-at="2017-06-24T17:08:56Z">
          <reporter-output>
          </reporter-output>
        </test-method> <!-- beforeTest -->
        <test-method status="PASS" signature="sanitytesting(java.lang.String)[pri:0, instance:Yahoo.Sanity@61832929]" name="sanitytesting" duration-ms="9734" started-at="2017-06-24T17:08:56Z" finished-at="2017-06-24T17:09:05Z">
          <params>
            <param index="0">
              <value>
                <![CDATA[chrome]]>
              </value>
            </param>
          </params>
          <reporter-output>
          </reporter-output>
        </test-method> <!-- sanitytesting -->
      </class> <!-- Yahoo.Sanity -->
    </test> <!-- tst_retest_chrome -->
  </suite> <!-- yahoo -->
</testng-results>
