<?xml version="1.0" encoding="UTF-8"?>
<!-- Generated by org.testng.reporters.JUnitXMLReporter -->
<testsuite hostname="LAPTOP-GOWRISAIAARUSH" name="tst_retest_chrome" tests="1" failures="0" timestamp="24 Jun 2017 03:33:09 GMT" time="0.638" errors="0">
  <testcase name="@BeforeTest beforeTest" time="0.0" classname="Yahoo.Sanity">
    <failure type="java.io.FileNotFoundException" message="C:\Users\Gowri\workspace\Yahoo\src\test\resources\data.xlsx (The system cannot find the path specified)">
      <![CDATA[java.io.FileNotFoundException: C:\Users\Gowri\workspace\Yahoo\src\test\resources\data.xlsx (The system cannot find the path specified)
	at java.io.FileOutputStream.open0(Native Method)
	at java.io.FileOutputStream.open(Unknown Source)
	at java.io.FileOutputStream.<init>(Unknown Source)
	at java.io.FileOutputStream.<init>(Unknown Source)
	at Yahoo.Configfile.WritetoExcel(Configfile.java:44)
	at Yahoo.Sanity.beforeTest(Sanity.java:20)
... Removed 22 stack frames]]>
    </failure>
  </testcase> <!-- @BeforeTest beforeTest -->
  <testcase name="sanitytesting" time="0.0" classname="Yahoo.Sanity">
    <skipped/>
  </testcase> <!-- sanitytesting -->
</testsuite> <!-- tst_retest_chrome -->
